Build started 06/06/2020 9:30:41 SA.
     1>Project "D:\CTDL1\THIHK2\THIHK2\THIHK2.vcxproj" on node 2 (Build target(s)).
     1>ClCompile:
         D:\CTDL1\New folder\VC\bin\CL.exe /c /ZI /nologo /W3 /WX- /sdl /Od /Oy- /D WIN32 /D _DEBUG /D _CONSOLE /D _LIB /D _UNICODE /D UNICODE /Gm /EHsc /RTC1 /MDd /GS /fp:precise /Zc:wchar_t /Zc:forScope /Fo"Debug\\" /Fd"Debug\vc120.pdb" /Gd /TP /analyze- /errorReport:prompt program.cpp
         program.cpp
     1>d:\ctdl1\thihk2\thihk2\bstree.h(25): error C2440: '=' : cannot convert from 'int []' to 'KeyType'
                 There are no conversions to array types, although there are conversions to references or pointers to arrays
     1>d:\ctdl1\thihk2\thihk2\bstree.h(66): error C2679: binary '>>' : no operator found which takes a right-hand operand of type 'KeyType' (or there is no acceptable conversion)
                 d:\ctdl1\new folder\vc\include\istream(485): could be 'std::basic_istream<char,std::char_traits<char>> &std::basic_istream<char,std::char_traits<char>>::operator >>(std::basic_streambuf<char,std::char_traits<char>> *)'
                 d:\ctdl1\new folder\vc\include\istream(466): or       'std::basic_istream<char,std::char_traits<char>> &std::basic_istream<char,std::char_traits<char>>::operator >>(void *&)'
                 d:\ctdl1\new folder\vc\include\istream(448): or       'std::basic_istream<char,std::char_traits<char>> &std::basic_istream<char,std::char_traits<char>>::operator >>(long double &)'
                 d:\ctdl1\new folder\vc\include\istream(430): or       'std::basic_istream<char,std::char_traits<char>> &std::basic_istream<char,std::char_traits<char>>::operator >>(double &)'
                 d:\ctdl1\new folder\vc\include\istream(411): or       'std::basic_istream<char,std::char_traits<char>> &std::basic_istream<char,std::char_traits<char>>::operator >>(float &)'
                 d:\ctdl1\new folder\vc\include\istream(392): or       'std::basic_istream<char,std::char_traits<char>> &std::basic_istream<char,std::char_traits<char>>::operator >>(unsigned __int64 &)'
                 d:\ctdl1\new folder\vc\include\istream(373): or       'std::basic_istream<char,std::char_traits<char>> &std::basic_istream<char,std::char_traits<char>>::operator >>(__int64 &)'
                 d:\ctdl1\new folder\vc\include\istream(353): or       'std::basic_istream<char,std::char_traits<char>> &std::basic_istream<char,std::char_traits<char>>::operator >>(unsigned long &)'
                 d:\ctdl1\new folder\vc\include\istream(335): or       'std::basic_istream<char,std::char_traits<char>> &std::basic_istream<char,std::char_traits<char>>::operator >>(long &)'
                 d:\ctdl1\new folder\vc\include\istream(317): or       'std::basic_istream<char,std::char_traits<char>> &std::basic_istream<char,std::char_traits<char>>::operator >>(unsigned int &)'
                 d:\ctdl1\new folder\vc\include\istream(291): or       'std::basic_istream<char,std::char_traits<char>> &std::basic_istream<char,std::char_traits<char>>::operator >>(int &)'
                 d:\ctdl1\new folder\vc\include\istream(272): or       'std::basic_istream<char,std::char_traits<char>> &std::basic_istream<char,std::char_traits<char>>::operator >>(unsigned short &)'
                 d:\ctdl1\new folder\vc\include\istream(237): or       'std::basic_istream<char,std::char_traits<char>> &std::basic_istream<char,std::char_traits<char>>::operator >>(short &)'
                 d:\ctdl1\new folder\vc\include\istream(218): or       'std::basic_istream<char,std::char_traits<char>> &std::basic_istream<char,std::char_traits<char>>::operator >>(std::_Bool &)'
                 d:\ctdl1\new folder\vc\include\istream(211): or       'std::basic_istream<char,std::char_traits<char>> &std::basic_istream<char,std::char_traits<char>>::operator >>(std::ios_base &(__cdecl *)(std::ios_base &))'
                 d:\ctdl1\new folder\vc\include\istream(204): or       'std::basic_istream<char,std::char_traits<char>> &std::basic_istream<char,std::char_traits<char>>::operator >>(std::basic_ios<char,std::char_traits<char>> &(__cdecl *)(std::basic_ios<char,std::char_traits<char>> &))'
                 d:\ctdl1\new folder\vc\include\istream(198): or       'std::basic_istream<char,std::char_traits<char>> &std::basic_istream<char,std::char_traits<char>>::operator >>(std::basic_istream<char,std::char_traits<char>> &(__cdecl *)(std::basic_istream<char,std::char_traits<char>> &))'
                 d:\ctdl1\new folder\vc\include\istream(1103): or       'std::basic_istream<char,std::char_traits<char>> &std::operator >><char,std::char_traits<char>,KeyType>(std::basic_istream<char,std::char_traits<char>> &&,_Ty (&))'
                 with
                 [
                     _Ty=KeyType
                 ]
                 d:\ctdl1\new folder\vc\include\istream(1093): or       'std::basic_istream<char,std::char_traits<char>> &std::operator >><std::char_traits<char>>(std::basic_istream<char,std::char_traits<char>> &,unsigned char &)'
                 d:\ctdl1\new folder\vc\include\istream(1086): or       'std::basic_istream<char,std::char_traits<char>> &std::operator >><std::char_traits<char>>(std::basic_istream<char,std::char_traits<char>> &,unsigned char *)'
                 d:\ctdl1\new folder\vc\include\istream(1079): or       'std::basic_istream<char,std::char_traits<char>> &std::operator >><std::char_traits<char>>(std::basic_istream<char,std::char_traits<char>> &,signed char &)'
                 d:\ctdl1\new folder\vc\include\istream(1072): or       'std::basic_istream<char,std::char_traits<char>> &std::operator >><std::char_traits<char>>(std::basic_istream<char,std::char_traits<char>> &,signed char *)'
                 while trying to match the argument list '(std::ifstream, KeyType)'
     1>d:\ctdl1\thihk2\thihk2\bstree.h(73): error C2664: 'int InsertNode(BSTree &,int [])' : cannot convert argument 2 from 'NhanVien' to 'int []'
                 No user-defined-conversion operator available that can perform this conversion, or the operator cannot be called
     1>Done Building Project "D:\CTDL1\THIHK2\THIHK2\THIHK2.vcxproj" (Build target(s)) -- FAILED.

Build FAILED.

Time Elapsed 00:00:03.16
